[2025-05-04 02:00:03] [92mINFO[0m: 語者分離與識別系統啟動 (即時識別模式)
[2025-05-04 02:00:04] [92mINFO[0m: Weaviate 資料庫連線成功！
[2025-05-04 02:00:04] [92mINFO[0m: 使用設備: cpu
[2025-05-04 02:00:06] [92mINFO[0m: AudioSeparator 初始化完成
[2025-05-04 02:00:06] [92mINFO[0m: 開始錄音並執行即時分離與識別...
[2025-05-04 02:00:06] [92mINFO[0m: 開始錄音...
[2025-05-04 02:00:12] DEBUG: 音訊能量 (0.004890040028840303) 低於閾值 (0.005)
[2025-05-04 02:00:18] DEBUG: 音訊能量 (0.0018032494699582458) 低於閾值 (0.005)
[2025-05-04 02:00:24] DEBUG: 音訊能量 (0.00023234468244481832) 低於閾值 (0.005)
[2025-05-04 02:00:29] DEBUG: 音訊能量 (9.909849723044317e-06) 低於閾值 (0.005)
[2025-05-04 02:00:35] DEBUG: 音訊能量 (1.055290977092227e-05) 低於閾值 (0.005)
[2025-05-04 02:00:40] [92mINFO[0m: 處理片段 6
[2025-05-04 02:00:46] DEBUG: 音訊能量 (0.0011663730256259441) 低於閾值 (0.005)
[2025-05-04 02:00:46] INFO: 片段 6 分離完成，開始進行即時語者識別...
[2025-05-04 02:00:49] [92mINFO[0m: 語者識別器初始化完成
[2025-05-04 02:00:49] [92mINFO[0m: 識別音訊流: speaker1_20250504-02_00_40_6
[2025-05-04 02:00:50] [92mINFO[0m: 識別音訊流: speaker2_20250504-02_00_40_6
[2025-05-04 02:00:50] INFO: 片段 6 識別結果:
【speaker1_20250504-02_00_40_6 → 說話者 n11 	(相似但未更新:0.3530)】
【speaker2_20250504-02_00_40_6 → 說話者 n7 	(聲音非常相似:0.2508)】
[2025-05-04 02:00:50] [92mINFO[0m: 片段 6 處理完成
[2025-05-04 02:00:51] DEBUG: 音訊能量 (1.0066370123240631e-05) 低於閾值 (0.005)
[2025-05-04 02:00:57] DEBUG: 音訊能量 (1.0718670637288596e-05) 低於閾值 (0.005)
[2025-05-04 02:01:02] DEBUG: 音訊能量 (1.3012294402869884e-05) 低於閾值 (0.005)
[2025-05-04 02:01:08] DEBUG: 音訊能量 (1.5499865185120143e-05) 低於閾值 (0.005)
[2025-05-04 02:01:13] DEBUG: 音訊能量 (1.0116155863215681e-05) 低於閾值 (0.005)
[2025-05-04 02:01:19] DEBUG: 音訊能量 (1.0122739695361815e-05) 低於閾值 (0.005)
[2025-05-04 02:01:24] DEBUG: 音訊能量 (2.3712022084509954e-05) 低於閾值 (0.005)
[2025-05-04 02:01:26] [92mINFO[0m: 已儲存原始混合音訊：16K-model/Audios-16K-IDTF\mixed_audio_20250504-02_01_26.wav
[2025-05-04 02:01:26] [92mINFO[0m: 錄音結束，資源已清理
[2025-05-04 02:01:26] [92mINFO[0m: 處理完成，共產生 2 個分離後的音檔
